<?xml version="1.0" encoding="UTF-8"?>
<!-- Generated by org.testng.reporters.JUnitXMLReporter -->
<testsuite ignored="0" hostname="LAPTOP-2Q90IM80" failures="1" tests="6" name="Surefire test" time="0.133" errors="0" timestamp="2021-09-17T11:37:19 BST">
  <testcase classname="BlackJack.DeckValueTest" name="testDeckAmount" time="0.018"/>
  <testcase classname="BlackJack.FaceCardCheckTest" name="testSuitType" time="0.009">
    <failure type="org.opentest4j.AssertionFailedError" message="This cards is not a face card ==&amp;gt; expected: &amp;lt;true&amp;gt; but was: &amp;lt;false&amp;gt;">
      <![CDATA[org.opentest4j.AssertionFailedError: This cards is not a face card ==> expected: <true> but was: <false>
at org.junit.jupiter.api.AssertionUtils.fail(AssertionUtils.java:55)
at org.junit.jupiter.api.AssertionUtils.failNotEqual(AssertionUtils.java:62)
at org.junit.jupiter.api.AssertEquals.assertEquals(AssertEquals.java:182)
at org.junit.jupiter.api.Assertions.assertEquals(Assertions.java:1135)
at BlackJack.FaceCardCheckTest.testSuitType(FaceCardCheckTest.java:17)
at java.base/java.util.ArrayList.forEach(ArrayList.java:1511)
... Removed 32 stack frames]]>
    </failure>
  </testcase> <!-- testSuitType -->
  <testcase classname="BlackJack.FaceCardTypeTest" name="testFaceCard" time="0.0"/>
  <testcase classname="BlackJack.SuitTypeTest" name="testSuitType" time="0.001"/>
  <testcase classname="BlackJack.SuitValueTest" name="testGetSuitAmount" time="0.0"/>
  <testcase classname="BlackJack.TestCardValue" name="testCardValue" time="0.0"/>
</testsuite> <!-- Surefire test -->
