<?xml version="1.0" encoding="UTF-8"?>
<testsuite xmlns:xsi="http://www.w3.org/2001/XMLSchema-instance" xsi:noNamespaceSchemaLocation="https://maven.apache.org/surefire/maven-surefire-plugin/xsd/surefire-test-report.xsd" name="TestSuite" time="0.956" tests="6" errors="0" skipped="0" failures="1">
  <properties>
[...]
</properties>
  <testcase name="testDeckAmount" classname="BlackJack.DeckValueTest" time="0.018"/>
  <testcase name="testSuitType" classname="BlackJack.FaceCardCheckTest" time="0.023">
    <failure message="This cards is not a face card ==&gt; expected: &lt;true&gt; but was: &lt;false&gt;" type="org.opentest4j.AssertionFailedError"><![CDATA[org.opentest4j.AssertionFailedError: This cards is not a face card ==> expected: <true> but was: <false>
	at BlackJack.FaceCardCheckTest.testSuitType(FaceCardCheckTest.java:17)
]]></failure>
  </testcase>
  <testcase name="testFaceCard" classname="BlackJack.FaceCardTypeTest" time="0"/>
  <testcase name="testSuitType" classname="BlackJack.SuitTypeTest" time="0"/>
  <testcase name="testGetSuitAmount" classname="BlackJack.SuitValueTest" time="0"/>
  <testcase name="testCardValue" classname="BlackJack.TestCardValue" time="0"/>
</testsuite>